
[2021-10-10 01:09:19] Traceback (most recent call last):
  File "_ctypes/callbacks.c", line 237, in 'calling callback function'
  File "C:\Users\HP\anaconda3\lib\site-packages\kivy\input\providers\wm_touch.py", line 128, in _touch_wndProc
    return windll.user32.CallWindowProcW(self.old_windProc,
OSError: exception: access violation reading 0x000000004EE24000


[2021-10-10 01:09:19] Traceback (most recent call last):
  File "_ctypes/callbacks.c", line 237, in 'calling callback function'
  File "C:\Users\HP\anaconda3\lib\site-packages\kivy\input\providers\wm_pen.py", line 77, in _pen_wndProc
    return windll.user32.CallWindowProcW(self.old_windProc,
OSError: exception: access violation reading 0x0000000053354000


[2021-10-10 01:12:10] Traceback (most recent call last):
  File "load_handler.pyx", line 20, in cefpython_py38.LoadHandler_OnLoadingStateChange
  File "libtest.py", line 876, in OnLoadingStateChange
    if self.load_start_time:
AttributeError: 'ClientHandler' object has no attribute 'load_start_time'


[2021-10-10 01:12:21] Traceback (most recent call last):
  File "load_handler.pyx", line 20, in cefpython_py38.LoadHandler_OnLoadingStateChange
  File "libtest.py", line 876, in OnLoadingStateChange
    if self.load_start_time:
AttributeError: 'ClientHandler' object has no attribute 'load_start_time'


[2021-10-10 01:13:12] Traceback (most recent call last):
  File "load_handler.pyx", line 20, in cefpython_py38.LoadHandler_OnLoadingStateChange
  File "libtest.py", line 876, in OnLoadingStateChange
    if self.load_start_time:
AttributeError: 'ClientHandler' object has no attribute 'load_start_time'


[2021-10-10 01:18:58] Traceback (most recent call last):
  File "pybrowsercef.py", line 14, in <module>
    cefpython.Shutdown()
NameError: name 'cefpython' is not defined


[2021-10-10 01:21:22] Traceback (most recent call last):
  File "load_handler.pyx", line 20, in cefpython_py38.LoadHandler_OnLoadingStateChange
  File "D:\begin_research\Hackathon Projects\HackHarvard\hackharvard\libtest.py", line 876, in OnLoadingStateChange
    if self.load_start_time:
AttributeError: 'ClientHandler' object has no attribute 'load_start_time'


[2021-10-10 01:24:12] Traceback (most recent call last):
  File "load_handler.pyx", line 20, in cefpython_py38.LoadHandler_OnLoadingStateChange
  File "D:\begin_research\Hackathon Projects\HackHarvard\hackharvard\libtest.py", line 876, in OnLoadingStateChange
    if self.load_start_time:
AttributeError: 'ClientHandler' object has no attribute 'load_start_time'


[2021-10-10 01:25:36] Traceback (most recent call last):
  File "load_handler.pyx", line 20, in cefpython_py38.LoadHandler_OnLoadingStateChange
  File "D:\begin_research\Hackathon Projects\HackHarvard\hackharvard\libtest.py", line 876, in OnLoadingStateChange
    if self.load_start_time:
AttributeError: 'ClientHandler' object has no attribute 'load_start_time'


[2021-10-10 01:26:16] Traceback (most recent call last):
  File "load_handler.pyx", line 20, in cefpython_py38.LoadHandler_OnLoadingStateChange
  File "D:\begin_research\Hackathon Projects\HackHarvard\hackharvard\libtest.py", line 876, in OnLoadingStateChange
    if self.load_start_time:
AttributeError: 'ClientHandler' object has no attribute 'load_start_time'


[2021-10-10 01:26:42] Traceback (most recent call last):
  File "load_handler.pyx", line 20, in cefpython_py38.LoadHandler_OnLoadingStateChange
  File "D:\begin_research\Hackathon Projects\HackHarvard\hackharvard\libtest.py", line 876, in OnLoadingStateChange
    if self.load_start_time:
AttributeError: 'ClientHandler' object has no attribute 'load_start_time'


[2021-10-10 01:27:53] Traceback (most recent call last):
  File "load_handler.pyx", line 20, in cefpython_py38.LoadHandler_OnLoadingStateChange
  File "D:\begin_research\Hackathon Projects\HackHarvard\hackharvard\libtest.py", line 876, in OnLoadingStateChange
    if self.load_start_time:
AttributeError: 'ClientHandler' object has no attribute 'load_start_time'


[2021-10-10 01:29:16] Traceback (most recent call last):
  File "load_handler.pyx", line 20, in cefpython_py38.LoadHandler_OnLoadingStateChange
  File "D:\begin_research\Hackathon Projects\HackHarvard\hackharvard\libtest.py", line 876, in OnLoadingStateChange
    if self.load_start_time:
AttributeError: 'ClientHandler' object has no attribute 'load_start_time'


[2021-10-10 01:30:03] Traceback (most recent call last):
  File "load_handler.pyx", line 20, in cefpython_py38.LoadHandler_OnLoadingStateChange
  File "D:\begin_research\Hackathon Projects\HackHarvard\hackharvard\libtest.py", line 876, in OnLoadingStateChange
    if self.load_start_time:
AttributeError: 'ClientHandler' object has no attribute 'load_start_time'

